Arguments: 
  C:\Program Files\nodejs\node.exe C:\Users\Matt\AppData\Roaming\npm\node_modules\yarn\bin\yarn.js add @ngrx/{store, effects,entity, router-store}

PATH: 
  C:\Program Files\Git\mingw64\bin;C:\Program Files\Git\usr\bin;C:\Users\Matt\bin;C:\Program Files\Java\jdk1.8.0_45\bin;C:\ProgramData\Oracle\Java\javapath;C:\Program Files (x86)\EasyPHP-DevServer-14.1VC9\binaries\php\php_runningversion;C:\WINDOWS\system32;C:\WINDOWS;C:\WINDOWS\System32\Wbem;C:\WINDOWS\System32\WindowsPowerShell\v1.0;C:\WINDOWS\system32\config\systemprofile\.dnx\bin;C:\Program Files\Microsoft DNX\Dnvm;C:\Program Files\Microsoft SQL Server\130\Tools\Binn;C:\Program Files\MATLAB\R2012a\runtime\win64;C:\Program Files\MATLAB\R2012a\bin;C:\Program Files (x86)\Windows Kits\10\Windows Performance Toolkit;C:\Program Files (x86)\Heroku\bin;C:\Program Files (x86)\git\cmd;C:\Program Files (x86)\GtkSharp\2.12\bin;C:\Program Files\nodejs;C:\Program Files\Git\cmd;C:\Users\Matt\AppData\Local\Microsoft\WindowsApps;C:\Users\Matt\AppData\Local\atom\bin;C:\Program Files\Heroku\bin;C:\Program Files (x86)\Android\android-sdk\platform-tools;C:\Users\Matt\AppData\Local\Microsoft\WindowsApps;C:\Users\Matt\AppData\Local\Android\sdk;C:\Program Files\Microsoft VS Code\bin;C:\Users\Matt\AppData\Roaming\npm;C:\mongodb\bin

Yarn version: 
  1.5.1

Node version: 
  8.9.1

Platform: 
  win32 x64

npm manifest: 
  No manifest

yarn manifest: 
  No manifest

Lockfile: 
  No lockfile

Trace: 
  Error: https://registry.yarnpkg.com/@ngrx%2f%7Bstore,: Not found
      at Request.params.callback [as _callback] (C:\Users\Matt\AppData\Roaming\npm\node_modules\yarn\lib\cli.js:65019:18)
      at Request.self.callback (C:\Users\Matt\AppData\Roaming\npm\node_modules\yarn\lib\cli.js:132430:22)
      at emitTwo (events.js:126:13)
      at Request.emit (events.js:214:7)
      at Request.<anonymous> (C:\Users\Matt\AppData\Roaming\npm\node_modules\yarn\lib\cli.js:133413:10)
      at emitOne (events.js:116:13)
      at Request.emit (events.js:211:7)
      at IncomingMessage.<anonymous> (C:\Users\Matt\AppData\Roaming\npm\node_modules\yarn\lib\cli.js:133333:12)
      at Object.onceWrapper (events.js:313:30)
      at emitNone (events.js:111:20)
